<?xml version="1.0" encoding="UTF-8"?>
<!-- Generated by org.testng.reporters.JUnitReportReporter -->
<testsuite hostname="Kasras-Air.attlocal.net" failures="0" tests="1" name="variousConcepts.TestClass1" time="6.077" errors="0" timestamp="2023-08-14T21:24:14 CDT" skipped="0">
  <testcase classname="variousConcepts.TestClass1" name="addCustomer" time="6.077"/>
</testsuite> <!-- variousConcepts.TestClass1 -->
