<?xml version="1.0" encoding="UTF-8"?>
<!-- Generated by org.testng.reporters.JUnitReportReporter -->
<testsuite hostname="Kasras-Air.attlocal.net" failures="0" tests="1" name="variousConcepts.LoginTest" time="3.058" errors="0" timestamp="2023-08-14T13:30:51 CDT" skipped="0">
  <testcase classname="variousConcepts.LoginTest" name="login" time="3.058"/>
</testsuite> <!-- variousConcepts.LoginTest -->
