<?xml version="1.0" encoding="UTF-8"?>
<!-- Generated by org.testng.reporters.JUnitReportReporter -->
<testsuite hostname="Kasras-Air.attlocal.net" failures="0" tests="1" name="variousConcepts.TestClass" time="3.404" errors="0" timestamp="2023-08-14T13:43:18 CDT" skipped="0">
  <testcase classname="variousConcepts.TestClass" name="init" time="3.404"/>
  <system-out/>
</testsuite> <!-- variousConcepts.TestClass -->
